id -> (57, 57)
id -> (57, 57)
id -> (54, 54)
id -> (57, 57)
id -> (54, 54)
id -> (77, 77)
id -> (57, 57)
id -> (54, 54)
id -> (77, 77)
id -> (64, 64)
id -> (57, 57)
id -> (54, 54)
id -> (77, 77)
id -> (64, 64)
id -> (40, 40)
id -> (57, 57)
id -> (54, 54)
id -> (77, 77)
id -> (64, 64)
id -> (40, 40)
id -> (83, 83)
id -> (57, 57)
id -> (54, 54)
id -> (77, 77)
id -> (64, 64)
id -> (40, 40)
id -> (83, 83)
id -> (10, 10)
id -> (57, 57)
id -> (54, 54)
id -> (77, 77)
id -> (64, 64)
id -> (40, 40)
id -> (83, 83)
id -> (10, 10)
constant -> (-2, -2)
id -> (57, 57)
id -> (54, 54)
id -> (77, 77)
id -> (64, 64)
id -> (40, 40)
id -> (83, 83)
id -> (10, 10)
constant -> (-2, -2)
id -> (45, 45)
id -> (57, 57)
id -> (54, 54)
id -> (77, 77)
id -> (64, 64)
id -> (40, 40)
id -> (83, 83)
id -> (10, 10)
constant -> (-2, -2)
id -> (45, 45)
id -> (36, 36)
id -> (57, 57)
id -> (54, 54)
id -> (77, 77)
id -> (64, 64)
id -> (40, 40)
id -> (83, 83)
id -> (10, 10)
constant -> (-2, -2)
id -> (45, 45)
id -> (36, 36)
constant -> (-2, -2)
id -> (57, 57)
id -> (54, 54)
id -> (77, 77)
id -> (64, 64)
id -> (40, 40)
id -> (83, 83)
id -> (10, 10)
constant -> (-2, -2)
id -> (45, 45)
id -> (36, 36)
constant -> (-2, -2)
id -> (34, 34)
id -> (57, 57)
id -> (54, 54)
id -> (77, 77)
id -> (64, 64)
id -> (40, 40)
id -> (83, 83)
id -> (10, 10)
constant -> (-2, -2)
id -> (45, 45)
id -> (36, 36)
constant -> (-2, -2)
id -> (34, 34)
constant -> (-2, -2)
id -> (57, 57)
id -> (54, 54)
id -> (77, 77)
id -> (64, 64)
id -> (40, 40)
id -> (83, 83)
id -> (10, 10)
constant -> (-2, -2)
id -> (45, 45)
id -> (36, 36)
constant -> (-2, -2)
id -> (34, 34)
constant -> (-2, -2)
id -> (0, 0)
id -> (57, 57)
id -> (54, 54)
id -> (77, 77)
id -> (64, 64)
id -> (40, 40)
id -> (83, 83)
id -> (10, 10)
constant -> (-2, -2)
id -> (45, 45)
id -> (36, 36)
constant -> (-2, -2)
id -> (34, 34)
constant -> (-2, -2)
id -> (0, 0)
constant -> (-2, -2)
id -> (57, 57)
id -> (54, 54)
id -> (77, 77)
id -> (64, 64)
id -> (40, 40)
id -> (83, 83)
id -> (10, 10)
constant -> (-2, -2)
id -> (45, 45)
id -> (36, 36)
constant -> (-2, -2)
id -> (34, 34)
constant -> (-2, -2)
id -> (0, 0)
constant -> (-2, -2)
id -> (46, 46)
id -> (57, 57)
id -> (54, 54)
id -> (77, 77)
id -> (64, 64)
id -> (40, 40)
id -> (83, 83)
id -> (10, 10)
constant -> (-2, -2)
id -> (45, 45)
id -> (36, 36)
constant -> (-2, -2)
id -> (34, 34)
constant -> (-2, -2)
id -> (0, 0)
constant -> (-2, -2)
id -> (46, 46)
id -> (64, 64)
id -> (57, 57)
id -> (54, 54)
id -> (77, 77)
id -> (64, 64)
id -> (40, 40)
id -> (83, 83)
id -> (10, 10)
constant -> (-2, -2)
id -> (45, 45)
id -> (36, 36)
constant -> (-2, -2)
id -> (34, 34)
constant -> (-2, -2)
id -> (0, 0)
constant -> (-2, -2)
id -> (46, 46)
id -> (64, 64)
id -> (79, 79)
id -> (57, 57)
id -> (54, 54)
id -> (77, 77)
id -> (64, 64)
id -> (40, 40)
id -> (83, 83)
id -> (10, 10)
constant -> (-2, -2)
id -> (45, 45)
id -> (36, 36)
constant -> (-2, -2)
id -> (34, 34)
constant -> (-2, -2)
id -> (0, 0)
constant -> (-2, -2)
id -> (46, 46)
id -> (64, 64)
id -> (79, 79)
stringConstant -> (-3, -3)
id -> (57, 57)
id -> (54, 54)
id -> (77, 77)
id -> (64, 64)
id -> (40, 40)
id -> (83, 83)
id -> (10, 10)
constant -> (-2, -2)
id -> (45, 45)
id -> (36, 36)
constant -> (-2, -2)
id -> (34, 34)
constant -> (-2, -2)
id -> (0, 0)
constant -> (-2, -2)
id -> (46, 46)
id -> (64, 64)
id -> (79, 79)
stringConstant -> (-3, -3)
id -> (61, 61)
id -> (57, 57)
id -> (54, 54)
id -> (77, 77)
id -> (64, 64)
id -> (40, 40)
id -> (83, 83)
id -> (10, 10)
constant -> (-2, -2)
id -> (45, 45)
id -> (36, 36)
constant -> (-2, -2)
id -> (34, 34)
constant -> (-2, -2)
id -> (0, 0)
constant -> (-2, -2)
id -> (46, 46)
id -> (64, 64)
id -> (79, 79)
stringConstant -> (-3, -3)
id -> (61, 61)
constant -> (-2, -2)
id -> (57, 57)
id -> (54, 54)
id -> (77, 77)
id -> (64, 64)
id -> (40, 40)
id -> (83, 83)
id -> (10, 10)
constant -> (-2, -2)
id -> (45, 45)
id -> (36, 36)
constant -> (-2, -2)
id -> (34, 34)
constant -> (-2, -2)
id -> (0, 0)
constant -> (-2, -2)
id -> (46, 46)
id -> (64, 64)
id -> (79, 79)
stringConstant -> (-3, -3)
id -> (61, 61)
constant -> (-2, -2)
id -> (45, 45)
id -> (57, 57)
id -> (54, 54)
id -> (77, 77)
id -> (64, 64)
id -> (40, 40)
id -> (83, 83)
id -> (10, 10)
constant -> (-2, -2)
id -> (45, 45)
id -> (36, 36)
constant -> (-2, -2)
id -> (34, 34)
constant -> (-2, -2)
id -> (0, 0)
constant -> (-2, -2)
id -> (46, 46)
id -> (64, 64)
id -> (79, 79)
stringConstant -> (-3, -3)
id -> (61, 61)
constant -> (-2, -2)
id -> (45, 45)
id -> (5, 5)
id -> (57, 57)
id -> (54, 54)
id -> (77, 77)
id -> (64, 64)
id -> (40, 40)
id -> (83, 83)
id -> (10, 10)
constant -> (-2, -2)
id -> (45, 45)
id -> (36, 36)
constant -> (-2, -2)
id -> (34, 34)
constant -> (-2, -2)
id -> (0, 0)
constant -> (-2, -2)
id -> (46, 46)
id -> (64, 64)
id -> (79, 79)
stringConstant -> (-3, -3)
id -> (61, 61)
constant -> (-2, -2)
id -> (45, 45)
id -> (5, 5)
id -> (15, 15)
id -> (57, 57)
id -> (54, 54)
id -> (77, 77)
id -> (64, 64)
id -> (40, 40)
id -> (83, 83)
id -> (10, 10)
constant -> (-2, -2)
id -> (45, 45)
id -> (36, 36)
constant -> (-2, -2)
id -> (34, 34)
constant -> (-2, -2)
id -> (0, 0)
constant -> (-2, -2)
id -> (46, 46)
id -> (64, 64)
id -> (79, 79)
stringConstant -> (-3, -3)
id -> (61, 61)
constant -> (-2, -2)
id -> (45, 45)
id -> (5, 5)
id -> (15, 15)
id -> (68, 68)
id -> (57, 57)
id -> (54, 54)
id -> (77, 77)
id -> (64, 64)
id -> (40, 40)
id -> (83, 83)
id -> (10, 10)
constant -> (-2, -2)
id -> (45, 45)
id -> (36, 36)
constant -> (-2, -2)
id -> (34, 34)
constant -> (-2, -2)
id -> (0, 0)
constant -> (-2, -2)
id -> (46, 46)
id -> (64, 64)
id -> (79, 79)
stringConstant -> (-3, -3)
id -> (61, 61)
constant -> (-2, -2)
id -> (45, 45)
id -> (5, 5)
id -> (15, 15)
id -> (68, 68)
id -> (46, 46)
id -> (57, 57)
id -> (54, 54)
id -> (77, 77)
id -> (64, 64)
id -> (40, 40)
id -> (83, 83)
id -> (10, 10)
constant -> (-2, -2)
id -> (45, 45)
id -> (36, 36)
constant -> (-2, -2)
id -> (34, 34)
constant -> (-2, -2)
id -> (0, 0)
constant -> (-2, -2)
id -> (46, 46)
id -> (64, 64)
id -> (79, 79)
stringConstant -> (-3, -3)
id -> (61, 61)
constant -> (-2, -2)
id -> (45, 45)
id -> (5, 5)
id -> (15, 15)
id -> (68, 68)
id -> (46, 46)
id -> (11, 11)
